[2026-04-22 14:29:57 WRN] The 'AppointmentStatus' property 'Status' on entity type 'Appointment' is configured with a database-generated default, but has no configured sentinel value. The database-generated default will always be used for inserts when the property has the value '0', since this is the CLR default for the 'AppointmentStatus' type. Consider using a nullable type, using a nullable backing field, or setting the sentinel value for the property to ensure the database default is used when, and only when, appropriate. See https://aka.ms/efcore-docs-default-values for more information.
[2026-04-22 14:29:59 INF] API iniciada com sucesso.
[2026-04-22 14:30:13 INF] OPTIONS /api/profile -> 204 em 53ms
[2026-04-22 14:30:13 INF] OPTIONS /api/profile -> 204 em 53ms
[2026-04-22 14:30:13 INF] OPTIONS /api/profile -> 204 em 52ms
[2026-04-22 14:30:13 INF] GET /api/profile -> 401 em 86ms
[2026-04-22 14:30:13 INF] GET /api/profile -> 401 em 7ms
[2026-04-22 14:30:13 INF] GET /api/profile -> 401 em 4ms
[2026-04-22 14:30:49 INF] OPTIONS /api/profile -> 204 em 0ms
[2026-04-22 14:30:49 INF] GET /api/profile -> 401 em 0ms
[2026-04-22 14:30:52 INF] GET /api/profile -> 401 em 1ms
[2026-04-22 14:30:52 INF] GET /api/profile -> 401 em 1ms
[2026-04-22 14:30:57 INF] OPTIONS /api/appointments -> 204 em 0ms
[2026-04-22 14:30:57 INF] OPTIONS /api/appointments -> 204 em 0ms
[2026-04-22 14:30:57 INF] GET /api/appointments -> 401 em 1ms
[2026-04-22 14:30:57 INF] GET /api/appointments -> 401 em 1ms
[2026-04-22 14:30:59 INF] OPTIONS /api/appointments -> 204 em 0ms
[2026-04-22 14:30:59 INF] GET /api/appointments -> 401 em 1ms
[2026-04-22 14:31:01 INF] OPTIONS /api/profile -> 204 em 0ms
[2026-04-22 14:31:01 INF] OPTIONS /api/profile -> 204 em 0ms
[2026-04-22 14:31:01 INF] GET /api/profile -> 401 em 1ms
[2026-04-22 14:31:01 INF] GET /api/profile -> 401 em 1ms
[2026-04-22 14:31:34 INF] OPTIONS /api/auth/login -> 204 em 0ms
[2026-04-22 14:31:35 INF] Login bem-sucedido. UserId: "fba37a9f-b4fa-4aa1-af9d-941b5935a9b3"
[2026-04-22 14:31:35 INF] POST /api/auth/login -> 200 em 961ms
[2026-04-22 14:31:35 INF] OPTIONS /api/profile -> 204 em 0ms
[2026-04-22 14:31:35 INF] OPTIONS /api/profile -> 204 em 0ms
[2026-04-22 14:31:35 INF] GET /api/profile -> 200 em 146ms
[2026-04-22 14:31:35 INF] OPTIONS /api/appointments -> 204 em 0ms
[2026-04-22 14:31:35 INF] GET /api/profile -> 200 em 11ms
[2026-04-22 14:31:35 INF] GET /api/appointments -> 200 em 212ms
[2026-04-22 14:31:35 INF] GET /api/appointments -> 200 em 8ms
[2026-04-22 14:31:40 INF] GET /api/appointments -> 200 em 11ms
[2026-04-22 14:31:40 INF] GET /api/appointments -> 200 em 5ms
[2026-04-22 14:31:43 INF] OPTIONS /api/appointments/23840d9c-8a73-4dc1-8c16-7f4d6502e771/complete -> 204 em 0ms
[2026-04-22 14:31:44 INF] PATCH /api/appointments/23840d9c-8a73-4dc1-8c16-7f4d6502e771/complete -> 200 em 142ms
[2026-04-22 14:31:44 INF] OPTIONS /api/appointments -> 204 em 0ms
[2026-04-22 14:31:44 INF] GET /api/appointments -> 200 em 6ms
[2026-04-22 14:31:46 INF] OPTIONS /api/reports/summary -> 204 em 0ms
[2026-04-22 14:31:46 INF] OPTIONS /api/reports/summary -> 204 em 0ms
[2026-04-22 14:31:46 INF] GET /api/reports/summary -> 200 em 62ms
[2026-04-22 14:31:46 INF] GET /api/reports/summary -> 200 em 6ms
[2026-04-22 14:31:54 INF] OPTIONS /api/profile -> 204 em 0ms
[2026-04-22 14:31:54 INF] OPTIONS /api/profile -> 204 em 0ms
[2026-04-22 14:31:54 INF] GET /api/profile -> 200 em 4ms
[2026-04-22 14:31:54 INF] GET /api/profile -> 200 em 3ms
[2026-04-22 14:31:54 INF] OPTIONS /api/appointments -> 204 em 0ms
[2026-04-22 14:31:54 INF] GET /api/appointments -> 200 em 5ms
[2026-04-22 14:31:54 INF] GET /api/appointments -> 200 em 4ms
[2026-04-22 14:31:58 INF] OPTIONS /api/public/mtbarbearia -> 204 em 0ms
[2026-04-22 14:31:58 INF] OPTIONS /api/public/mtbarbearia/services -> 204 em 0ms
[2026-04-22 14:31:58 INF] GET /api/public/mtbarbearia -> 200 em 34ms
[2026-04-22 14:31:58 INF] GET /api/public/mtbarbearia -> 200 em 3ms
[2026-04-22 14:31:58 INF] GET /api/public/mtbarbearia -> 200 em 5ms
[2026-04-22 14:31:58 INF] GET /api/public/mtbarbearia/services -> 200 em 80ms
[2026-04-22 14:31:58 INF] GET /api/public/mtbarbearia/services -> 200 em 5ms
[2026-04-22 14:31:58 INF] GET /api/public/mtbarbearia/services -> 200 em 5ms
[2026-04-22 14:32:03 INF] OPTIONS /api/public/mtbarbearia/availability -> 204 em 0ms
[2026-04-22 14:32:03 INF] GET /api/public/mtbarbearia/availability -> 200 em 90ms
[2026-04-22 14:32:22 INF] OPTIONS /api/public/mtbarbearia/appointments -> 204 em 0ms
[2026-04-22 14:32:22 INF] POST /api/public/mtbarbearia/appointments -> 201 em 98ms
[2026-04-22 14:32:24 INF] OPTIONS /api/profile -> 204 em 0ms
[2026-04-22 14:32:24 INF] GET /api/profile -> 200 em 2ms
[2026-04-22 14:32:24 INF] OPTIONS /api/appointments -> 204 em 0ms
[2026-04-22 14:32:24 INF] GET /api/appointments -> 200 em 5ms
[2026-04-22 14:32:25 INF] GET /api/appointments -> 200 em 4ms
[2026-04-22 14:32:25 INF] GET /api/appointments -> 200 em 4ms
[2026-04-22 14:32:27 INF] OPTIONS /api/appointments/976823e7-be83-40d1-9e3a-3c0249a4e9ca/complete -> 204 em 0ms
[2026-04-22 14:32:27 INF] PATCH /api/appointments/976823e7-be83-40d1-9e3a-3c0249a4e9ca/complete -> 200 em 6ms
[2026-04-22 14:32:27 INF] GET /api/appointments -> 200 em 5ms
[2026-04-22 14:32:28 INF] OPTIONS /api/reports/summary -> 204 em 0ms
[2026-04-22 14:32:28 INF] OPTIONS /api/reports/summary -> 204 em 0ms
[2026-04-22 14:32:28 INF] GET /api/reports/summary -> 200 em 7ms
[2026-04-22 14:32:28 INF] GET /api/reports/summary -> 200 em 6ms
[2026-04-22 14:32:40 INF] OPTIONS /api/appointments -> 204 em 0ms
[2026-04-22 14:32:40 INF] OPTIONS /api/appointments -> 204 em 0ms
[2026-04-22 14:32:40 INF] GET /api/appointments -> 200 em 5ms
[2026-04-22 14:32:40 INF] GET /api/appointments -> 200 em 4ms
[2026-04-22 14:32:41 INF] OPTIONS /api/profile -> 204 em 0ms
[2026-04-22 14:32:41 INF] OPTIONS /api/profile -> 204 em 0ms
[2026-04-22 14:32:41 INF] GET /api/profile -> 200 em 2ms
[2026-04-22 14:32:41 INF] GET /api/profile -> 200 em 3ms
[2026-04-22 14:32:41 INF] GET /api/appointments -> 200 em 3ms
[2026-04-22 14:32:41 INF] GET /api/appointments -> 200 em 3ms
[2026-04-22 14:32:43 INF] GET /api/appointments -> 200 em 4ms
[2026-04-22 14:32:43 INF] GET /api/appointments -> 200 em 4ms
[2026-04-22 14:32:43 INF] OPTIONS /api/reports/summary -> 204 em 0ms
[2026-04-22 14:32:43 INF] OPTIONS /api/reports/summary -> 204 em 0ms
[2026-04-22 14:32:43 INF] GET /api/reports/summary -> 200 em 6ms
[2026-04-22 14:32:43 INF] GET /api/reports/summary -> 200 em 4ms
[2026-04-22 14:34:49 INF] OPTIONS /api/reports/summary -> 204 em 0ms
[2026-04-22 14:34:49 INF] GET /api/reports/summary -> 200 em 7ms
[2026-04-22 14:34:49 INF] GET /api/reports/summary -> 200 em 6ms
[2026-04-22 14:34:49 INF] GET /api/reports/summary -> 200 em 6ms
[2026-04-22 14:34:51 INF] OPTIONS /api/services -> 204 em 0ms
[2026-04-22 14:34:51 INF] OPTIONS /api/services -> 204 em 0ms
[2026-04-22 14:34:51 INF] GET /api/services -> 200 em 21ms
[2026-04-22 14:34:51 INF] GET /api/services -> 200 em 3ms
[2026-04-22 14:34:52 INF] OPTIONS /api/workinghours -> 204 em 0ms
[2026-04-22 14:34:52 INF] OPTIONS /api/workinghours -> 204 em 0ms
[2026-04-22 14:34:52 INF] GET /api/workinghours -> 200 em 32ms
[2026-04-22 14:34:52 INF] GET /api/workinghours -> 200 em 3ms
[2026-04-22 14:34:53 INF] OPTIONS /api/specialhours -> 204 em 0ms
[2026-04-22 14:34:53 INF] OPTIONS /api/specialhours -> 204 em 0ms
[2026-04-22 14:34:53 INF] GET /api/specialhours -> 200 em 36ms
[2026-04-22 14:34:53 INF] GET /api/specialhours -> 200 em 4ms
[2026-04-22 14:34:54 INF] OPTIONS /api/appointments -> 204 em 0ms
[2026-04-22 14:34:54 INF] OPTIONS /api/appointments -> 204 em 0ms
[2026-04-22 14:34:54 INF] GET /api/appointments -> 200 em 4ms
[2026-04-22 14:34:54 INF] GET /api/appointments -> 200 em 3ms
[2026-04-22 14:34:56 INF] OPTIONS /api/profile -> 204 em 0ms
[2026-04-22 14:34:56 INF] OPTIONS /api/profile -> 204 em 0ms
[2026-04-22 14:34:56 INF] GET /api/profile -> 200 em 2ms
[2026-04-22 14:34:56 INF] GET /api/profile -> 200 em 3ms
[2026-04-22 14:34:56 INF] GET /api/appointments -> 200 em 3ms
[2026-04-22 14:34:56 INF] GET /api/appointments -> 200 em 3ms
[2026-04-22 14:34:59 INF] OPTIONS /api/reports/summary -> 204 em 0ms
[2026-04-22 14:34:59 INF] OPTIONS /api/reports/summary -> 204 em 0ms
[2026-04-22 14:34:59 INF] GET /api/reports/summary -> 200 em 77ms
[2026-04-22 14:34:59 INF] GET /api/reports/summary -> 200 em 4ms
[2026-04-22 14:35:14 INF] OPTIONS /api/services -> 204 em 0ms
[2026-04-22 14:35:14 INF] OPTIONS /api/services -> 204 em 0ms
[2026-04-22 14:35:14 INF] GET /api/services -> 200 em 4ms
[2026-04-22 14:35:14 INF] GET /api/services -> 200 em 4ms
[2026-04-22 14:35:15 INF] OPTIONS /api/blocks -> 204 em 0ms
[2026-04-22 14:35:15 INF] OPTIONS /api/blocks -> 204 em 0ms
[2026-04-22 14:35:15 INF] GET /api/blocks -> 200 em 30ms
[2026-04-22 14:35:15 INF] GET /api/blocks -> 200 em 3ms
[2026-04-22 14:35:16 INF] GET /api/services -> 200 em 3ms
[2026-04-22 14:35:16 INF] GET /api/services -> 200 em 2ms
[2026-04-22 14:35:20 INF] OPTIONS /api/profile -> 204 em 0ms
[2026-04-22 14:35:20 INF] OPTIONS /api/profile -> 204 em 0ms
[2026-04-22 14:35:20 INF] GET /api/profile -> 200 em 2ms
[2026-04-22 14:35:20 INF] GET /api/profile -> 200 em 3ms
