[2026-04-20 17:03:37 WRN] The 'AppointmentStatus' property 'Status' on entity type 'Appointment' is configured with a database-generated default, but has no configured sentinel value. The database-generated default will always be used for inserts when the property has the value '0', since this is the CLR default for the 'AppointmentStatus' type. Consider using a nullable type, using a nullable backing field, or setting the sentinel value for the property to ensure the database default is used when, and only when, appropriate. See https://aka.ms/efcore-docs-default-values for more information.
[2026-04-20 17:03:37 INF] API iniciada com sucesso.
[2026-04-20 17:03:56 INF] OPTIONS /api/profile -> 204 em 36ms
[2026-04-20 17:03:56 INF] OPTIONS /api/profile -> 204 em 36ms
[2026-04-20 17:03:56 INF] OPTIONS /api/profile -> 204 em 36ms
[2026-04-20 17:03:56 INF] GET /api/profile -> 401 em 42ms
[2026-04-20 17:03:56 INF] GET /api/profile -> 401 em 12ms
[2026-04-20 17:03:56 INF] GET /api/profile -> 401 em 4ms
[2026-04-20 17:04:27 INF] OPTIONS /api/auth/login -> 204 em 2ms
[2026-04-20 17:04:28 WRN] Falha de autenticação. Senha incorreta para UserId: "fffb3cbc-f0c1-4ffd-9d31-670bdc8acb38"
[2026-04-20 17:04:28 WRN] Erro tratado [401]: E-mail ou senha inválidos. Path: /api/auth/login
[2026-04-20 17:04:28 INF] POST /api/auth/login -> 401 em 921ms
[2026-04-20 17:04:52 INF] OPTIONS /api/auth/login -> 204 em 0ms
[2026-04-20 17:04:52 WRN] Falha de autenticação. Senha incorreta para UserId: "604fa0d3-a1de-42c9-8d70-ee3ea3cc6499"
[2026-04-20 17:04:52 WRN] Erro tratado [401]: E-mail ou senha inválidos. Path: /api/auth/login
[2026-04-20 17:04:52 INF] POST /api/auth/login -> 401 em 403ms
[2026-04-20 17:05:35 INF] OPTIONS /api/auth/register -> 204 em 0ms
[2026-04-20 17:05:35 WRN] Erro tratado [400]: E-mail já cadastrado. Path: /api/auth/register
[2026-04-20 17:05:35 INF] POST /api/auth/register -> 400 em 50ms
[2026-04-20 17:05:51 INF] OPTIONS /api/auth/login -> 204 em 0ms
[2026-04-20 17:05:51 WRN] Falha de autenticação. Senha incorreta para UserId: "1769ef46-3938-4d3f-8007-410d516ccec8"
[2026-04-20 17:05:51 WRN] Erro tratado [401]: E-mail ou senha inválidos. Path: /api/auth/login
[2026-04-20 17:05:51 INF] POST /api/auth/login -> 401 em 131ms
[2026-04-20 17:05:57 INF] OPTIONS /api/auth/login -> 204 em 0ms
[2026-04-20 17:05:57 WRN] Falha de autenticação. Senha incorreta para UserId: "1769ef46-3938-4d3f-8007-410d516ccec8"
[2026-04-20 17:05:57 WRN] Erro tratado [401]: E-mail ou senha inválidos. Path: /api/auth/login
[2026-04-20 17:05:57 INF] POST /api/auth/login -> 401 em 132ms
[2026-04-20 17:06:00 WRN] Falha de autenticação. Senha incorreta para UserId: "1769ef46-3938-4d3f-8007-410d516ccec8"
[2026-04-20 17:06:00 WRN] Erro tratado [401]: E-mail ou senha inválidos. Path: /api/auth/login
[2026-04-20 17:06:00 INF] POST /api/auth/login -> 401 em 133ms
[2026-04-20 17:06:13 INF] OPTIONS /api/auth/register -> 204 em 0ms
[2026-04-20 17:06:13 INF] Novo usuário cadastrado. UserId: "fba37a9f-b4fa-4aa1-af9d-941b5935a9b3"
[2026-04-20 17:06:13 INF] POST /api/auth/register -> 201 em 270ms
[2026-04-20 17:06:13 INF] OPTIONS /api/profile -> 204 em 0ms
[2026-04-20 17:06:13 INF] OPTIONS /api/profile -> 204 em 0ms
[2026-04-20 17:06:13 WRN] Erro tratado [404]: Perfil não encontrado. Path: /api/profile
[2026-04-20 17:06:13 INF] GET /api/profile -> 404 em 63ms
[2026-04-20 17:06:13 WRN] Erro tratado [404]: Perfil não encontrado. Path: /api/profile
[2026-04-20 17:06:13 INF] GET /api/profile -> 404 em 4ms
[2026-04-20 17:06:32 INF] OPTIONS /api/profile -> 204 em 0ms
[2026-04-20 17:06:32 INF] OPTIONS /api/profile -> 204 em 0ms
[2026-04-20 17:06:32 WRN] Erro tratado [404]: Perfil não encontrado. Path: /api/profile
[2026-04-20 17:06:32 INF] GET /api/profile -> 404 em 8ms
[2026-04-20 17:06:32 WRN] Erro tratado [404]: Perfil não encontrado. Path: /api/profile
[2026-04-20 17:06:32 INF] GET /api/profile -> 404 em 3ms
[2026-04-20 17:07:05 INF] OPTIONS /api/profile -> 204 em 0ms
[2026-04-20 17:07:05 INF] PUT /api/profile -> 200 em 99ms
[2026-04-20 17:07:14 INF] OPTIONS /api/profile -> 204 em 0ms
[2026-04-20 17:07:14 INF] PUT /api/profile -> 200 em 14ms
[2026-04-20 17:07:15 INF] PUT /api/profile -> 200 em 4ms
[2026-04-20 17:07:16 INF] PUT /api/profile -> 200 em 6ms
[2026-04-20 17:07:18 INF] PUT /api/profile -> 200 em 6ms
[2026-04-20 17:07:18 INF] PUT /api/profile -> 200 em 5ms
[2026-04-20 17:07:19 INF] PUT /api/profile -> 200 em 5ms
[2026-04-20 17:07:19 INF] OPTIONS /api/profile -> 204 em 0ms
[2026-04-20 17:07:19 INF] PUT /api/profile -> 200 em 4ms
[2026-04-20 17:07:19 INF] PUT /api/profile -> 200 em 4ms
[2026-04-20 17:07:19 INF] PUT /api/profile -> 200 em 4ms
[2026-04-20 17:07:19 INF] PUT /api/profile -> 200 em 4ms
[2026-04-20 17:07:20 INF] PUT /api/profile -> 200 em 4ms
[2026-04-20 17:07:20 INF] PUT /api/profile -> 200 em 4ms
[2026-04-20 17:07:20 INF] PUT /api/profile -> 200 em 4ms
[2026-04-20 17:07:20 INF] PUT /api/profile -> 200 em 3ms
[2026-04-20 17:07:20 INF] PUT /api/profile -> 200 em 4ms
[2026-04-20 17:07:20 INF] PUT /api/profile -> 200 em 3ms
[2026-04-20 17:27:05 INF] OPTIONS /api/profile -> 204 em 0ms
[2026-04-20 17:27:05 INF] PUT /api/profile -> 200 em 92ms
[2026-04-20 17:27:06 INF] PUT /api/profile -> 200 em 4ms
[2026-04-20 17:27:06 INF] PUT /api/profile -> 200 em 3ms
[2026-04-20 17:27:06 INF] PUT /api/profile -> 200 em 4ms
[2026-04-20 17:27:06 INF] PUT /api/profile -> 200 em 3ms
[2026-04-20 17:27:06 INF] PUT /api/profile -> 200 em 4ms
[2026-04-20 17:27:06 INF] PUT /api/profile -> 200 em 4ms
[2026-04-20 17:27:07 INF] PUT /api/profile -> 200 em 3ms
[2026-04-20 17:27:07 INF] PUT /api/profile -> 200 em 3ms
[2026-04-20 17:27:07 INF] PUT /api/profile -> 200 em 3ms
[2026-04-20 17:27:07 INF] PUT /api/profile -> 200 em 5ms
[2026-04-20 17:27:12 INF] OPTIONS /api/profile -> 204 em 0ms
[2026-04-20 17:27:12 INF] OPTIONS /api/profile -> 204 em 0ms
[2026-04-20 17:27:12 INF] GET /api/profile -> 200 em 5ms
[2026-04-20 17:27:12 INF] GET /api/profile -> 200 em 3ms
[2026-04-20 17:27:12 INF] OPTIONS /api/appointments -> 204 em 0ms
[2026-04-20 17:27:12 INF] OPTIONS /api/appointments -> 204 em 0ms
[2026-04-20 17:27:12 INF] GET /api/appointments -> 200 em 113ms
[2026-04-20 17:27:12 INF] GET /api/appointments -> 200 em 6ms
[2026-04-20 17:27:16 INF] OPTIONS /api/public/mtbarbearia -> 204 em 0ms
[2026-04-20 17:27:16 INF] OPTIONS /api/public/mtbarbearia/services -> 204 em 0ms
[2026-04-20 17:27:16 INF] GET /api/public/mtbarbearia/services -> 200 em 37ms
[2026-04-20 17:27:16 INF] GET /api/public/mtbarbearia -> 200 em 40ms
[2026-04-20 17:27:16 INF] GET /api/public/mtbarbearia -> 200 em 2ms
[2026-04-20 17:27:16 INF] GET /api/public/mtbarbearia/services -> 200 em 4ms
[2026-04-20 17:27:16 INF] GET /api/public/mtbarbearia -> 200 em 2ms
[2026-04-20 17:27:16 INF] GET /api/public/mtbarbearia/services -> 200 em 4ms
[2026-04-20 17:27:17 INF] OPTIONS /api/profile -> 204 em 0ms
[2026-04-20 17:27:17 INF] GET /api/profile -> 200 em 2ms
[2026-04-20 17:27:17 INF] OPTIONS /api/appointments -> 204 em 0ms
[2026-04-20 17:27:17 INF] GET /api/appointments -> 200 em 2ms
[2026-04-20 17:27:18 INF] GET /api/profile -> 200 em 2ms
[2026-04-20 17:27:18 INF] GET /api/appointments -> 200 em 3ms
[2026-04-20 17:27:19 INF] GET /api/appointments -> 200 em 3ms
[2026-04-20 17:27:19 INF] GET /api/appointments -> 200 em 4ms
[2026-04-20 17:27:21 INF] OPTIONS /api/appointments -> 204 em 0ms
[2026-04-20 17:27:21 INF] GET /api/appointments -> 200 em 13ms
[2026-04-20 17:27:22 INF] OPTIONS /api/services -> 204 em 0ms
[2026-04-20 17:27:22 INF] OPTIONS /api/services -> 204 em 0ms
[2026-04-20 17:27:22 INF] GET /api/services -> 200 em 18ms
[2026-04-20 17:27:22 INF] GET /api/services -> 200 em 3ms
[2026-04-20 17:27:42 INF] OPTIONS /api/services -> 204 em 0ms
[2026-04-20 17:27:42 INF] POST /api/services -> 201 em 111ms
[2026-04-20 17:27:42 INF] GET /api/services -> 200 em 9ms
[2026-04-20 17:27:53 INF] OPTIONS /api/services -> 204 em 0ms
[2026-04-20 17:27:53 INF] POST /api/services -> 201 em 7ms
[2026-04-20 17:27:53 INF] GET /api/services -> 200 em 2ms
[2026-04-20 17:27:59 INF] OPTIONS /api/workinghours -> 204 em 0ms
[2026-04-20 17:27:59 INF] OPTIONS /api/workinghours -> 204 em 0ms
[2026-04-20 17:27:59 INF] GET /api/workinghours -> 200 em 35ms
[2026-04-20 17:27:59 INF] GET /api/workinghours -> 200 em 3ms
[2026-04-20 17:28:55 INF] OPTIONS /api/workinghours -> 204 em 1ms
[2026-04-20 17:28:55 INF] PUT /api/workinghours -> 200 em 99ms
[2026-04-20 17:29:00 INF] OPTIONS /api/workinghours -> 204 em 0ms
[2026-04-20 17:29:00 INF] PUT /api/workinghours -> 200 em 9ms
[2026-04-20 17:29:13 INF] OPTIONS /api/blocks -> 204 em 0ms
[2026-04-20 17:29:13 INF] OPTIONS /api/blocks -> 204 em 0ms
[2026-04-20 17:29:13 INF] GET /api/blocks -> 200 em 22ms
[2026-04-20 17:29:13 INF] GET /api/blocks -> 200 em 4ms
[2026-04-20 17:29:32 INF] OPTIONS /api/blocks -> 204 em 0ms
[2026-04-20 17:29:32 INF] POST /api/blocks -> 201 em 68ms
[2026-04-20 17:29:32 INF] GET /api/blocks -> 200 em 4ms
[2026-04-20 17:29:47 INF] OPTIONS /api/blocks -> 204 em 0ms
[2026-04-20 17:29:47 INF] POST /api/blocks -> 201 em 5ms
[2026-04-20 17:29:47 INF] GET /api/blocks -> 200 em 2ms
[2026-04-20 17:29:51 INF] OPTIONS /api/specialhours -> 204 em 0ms
[2026-04-20 17:29:51 INF] OPTIONS /api/specialhours -> 204 em 0ms
[2026-04-20 17:29:51 INF] GET /api/specialhours -> 200 em 23ms
[2026-04-20 17:29:51 INF] GET /api/specialhours -> 200 em 3ms
[2026-04-20 17:30:18 INF] OPTIONS /api/specialhours -> 204 em 0ms
[2026-04-20 17:30:18 INF] POST /api/specialhours -> 200 em 57ms
[2026-04-20 17:30:18 INF] GET /api/specialhours -> 200 em 3ms
[2026-04-20 17:30:45 INF] OPTIONS /api/specialhours -> 204 em 0ms
[2026-04-20 17:30:45 INF] POST /api/specialhours -> 200 em 9ms
[2026-04-20 17:30:45 INF] GET /api/specialhours -> 200 em 3ms
[2026-04-20 17:30:48 INF] OPTIONS /api/blocks -> 204 em 0ms
[2026-04-20 17:30:48 INF] OPTIONS /api/blocks -> 204 em 0ms
[2026-04-20 17:30:48 INF] GET /api/blocks -> 200 em 4ms
[2026-04-20 17:30:48 INF] GET /api/blocks -> 200 em 4ms
[2026-04-20 17:30:49 INF] GET /api/specialhours -> 200 em 3ms
[2026-04-20 17:30:49 INF] GET /api/specialhours -> 200 em 3ms
[2026-04-20 17:30:50 INF] OPTIONS /api/services -> 204 em 0ms
[2026-04-20 17:30:50 INF] OPTIONS /api/services -> 204 em 0ms
[2026-04-20 17:30:50 INF] GET /api/services -> 200 em 3ms
[2026-04-20 17:30:50 INF] GET /api/services -> 200 em 4ms
[2026-04-20 17:30:51 INF] OPTIONS /api/workinghours -> 204 em 0ms
[2026-04-20 17:30:51 INF] OPTIONS /api/workinghours -> 204 em 0ms
[2026-04-20 17:30:51 INF] GET /api/workinghours -> 200 em 3ms
[2026-04-20 17:30:51 INF] GET /api/workinghours -> 200 em 3ms
[2026-04-20 17:30:52 INF] OPTIONS /api/profile -> 204 em 0ms
[2026-04-20 17:30:52 INF] OPTIONS /api/profile -> 204 em 0ms
[2026-04-20 17:30:52 INF] GET /api/profile -> 200 em 2ms
[2026-04-20 17:30:52 INF] GET /api/profile -> 200 em 2ms
[2026-04-20 17:30:52 INF] OPTIONS /api/appointments -> 204 em 0ms
[2026-04-20 17:30:52 INF] OPTIONS /api/appointments -> 204 em 0ms
[2026-04-20 17:30:52 INF] GET /api/appointments -> 200 em 4ms
[2026-04-20 17:30:52 INF] GET /api/appointments -> 200 em 3ms
[2026-04-20 17:30:53 INF] GET /api/profile -> 200 em 2ms
[2026-04-20 17:30:53 INF] GET /api/appointments -> 200 em 3ms
[2026-04-20 17:30:54 INF] GET /api/profile -> 200 em 2ms
[2026-04-20 17:30:54 INF] GET /api/appointments -> 200 em 2ms
[2026-04-20 17:30:54 INF] GET /api/profile -> 200 em 2ms
[2026-04-20 17:30:54 INF] GET /api/appointments -> 200 em 2ms
[2026-04-20 17:30:57 INF] OPTIONS /api/public/mtbarbearia -> 204 em 0ms
[2026-04-20 17:30:57 INF] OPTIONS /api/public/mtbarbearia/services -> 204 em 0ms
[2026-04-20 17:30:57 INF] GET /api/public/mtbarbearia -> 200 em 8ms
[2026-04-20 17:30:57 INF] GET /api/public/mtbarbearia/services -> 200 em 10ms
[2026-04-20 17:30:57 INF] GET /api/public/mtbarbearia -> 200 em 4ms
[2026-04-20 17:30:57 INF] GET /api/public/mtbarbearia -> 200 em 4ms
[2026-04-20 17:30:57 INF] GET /api/public/mtbarbearia/services -> 200 em 9ms
[2026-04-20 17:30:57 INF] GET /api/public/mtbarbearia/services -> 200 em 5ms
[2026-04-20 17:31:07 INF] OPTIONS /api/public/mtbarbearia/availability -> 204 em 0ms
[2026-04-20 17:31:07 INF] GET /api/public/mtbarbearia/availability -> 200 em 32ms
[2026-04-20 17:31:11 INF] OPTIONS /api/public/mtbarbearia/availability -> 204 em 0ms
[2026-04-20 17:31:11 INF] GET /api/public/mtbarbearia/availability -> 200 em 26ms
[2026-04-20 17:31:52 INF] OPTIONS /api/public/mtbarbearia/appointments -> 204 em 0ms
[2026-04-20 17:31:52 INF] POST /api/public/mtbarbearia/appointments -> 201 em 79ms
[2026-04-20 17:31:57 INF] OPTIONS /api/profile -> 204 em 0ms
[2026-04-20 17:31:57 INF] GET /api/profile -> 200 em 2ms
[2026-04-20 17:31:57 INF] OPTIONS /api/appointments -> 204 em 0ms
[2026-04-20 17:31:57 INF] GET /api/appointments -> 200 em 2ms
[2026-04-20 17:32:00 INF] GET /api/profile -> 200 em 2ms
[2026-04-20 17:32:00 INF] GET /api/profile -> 200 em 3ms
[2026-04-20 17:32:00 INF] GET /api/profile -> 200 em 2ms
[2026-04-20 17:32:00 INF] GET /api/appointments -> 200 em 5ms
[2026-04-20 17:32:00 INF] GET /api/appointments -> 200 em 4ms
[2026-04-20 17:32:00 INF] GET /api/appointments -> 200 em 4ms
[2026-04-20 17:32:16 INF] OPTIONS /api/auth/login -> 204 em 0ms
[2026-04-20 17:32:16 INF] Login bem-sucedido. UserId: "fba37a9f-b4fa-4aa1-af9d-941b5935a9b3"
[2026-04-20 17:32:16 INF] POST /api/auth/login -> 200 em 217ms
[2026-04-20 17:32:16 INF] OPTIONS /api/profile -> 204 em 0ms
[2026-04-20 17:32:16 INF] OPTIONS /api/profile -> 204 em 0ms
[2026-04-20 17:32:16 INF] GET /api/profile -> 200 em 2ms
[2026-04-20 17:32:16 INF] GET /api/profile -> 200 em 2ms
[2026-04-20 17:32:16 INF] OPTIONS /api/appointments -> 204 em 0ms
[2026-04-20 17:32:16 INF] GET /api/appointments -> 200 em 4ms
[2026-04-20 17:32:16 INF] GET /api/appointments -> 200 em 3ms
[2026-04-20 17:32:31 INF] OPTIONS /api/specialhours -> 204 em 0ms
[2026-04-20 17:32:31 INF] OPTIONS /api/specialhours -> 204 em 0ms
[2026-04-20 17:32:31 INF] GET /api/specialhours -> 200 em 7ms
[2026-04-20 17:32:31 INF] GET /api/specialhours -> 200 em 3ms
[2026-04-20 17:32:35 INF] OPTIONS /api/profile -> 204 em 0ms
[2026-04-20 17:32:35 INF] OPTIONS /api/profile -> 204 em 0ms
[2026-04-20 17:32:35 INF] GET /api/profile -> 200 em 2ms
[2026-04-20 17:32:35 INF] GET /api/profile -> 200 em 2ms
[2026-04-20 17:32:36 INF] OPTIONS /api/blocks -> 204 em 0ms
[2026-04-20 17:32:36 INF] OPTIONS /api/blocks -> 204 em 0ms
[2026-04-20 17:32:36 INF] GET /api/blocks -> 200 em 4ms
[2026-04-20 17:32:36 INF] GET /api/blocks -> 200 em 4ms
[2026-04-20 17:32:37 INF] OPTIONS /api/workinghours -> 204 em 0ms
[2026-04-20 17:32:37 INF] OPTIONS /api/workinghours -> 204 em 0ms
[2026-04-20 17:32:37 INF] GET /api/workinghours -> 200 em 3ms
[2026-04-20 17:32:37 INF] GET /api/workinghours -> 200 em 3ms
[2026-04-20 17:32:38 INF] OPTIONS /api/services -> 204 em 0ms
[2026-04-20 17:32:38 INF] OPTIONS /api/services -> 204 em 0ms
[2026-04-20 17:32:38 INF] GET /api/services -> 200 em 4ms
[2026-04-20 17:32:38 INF] GET /api/services -> 200 em 2ms
[2026-04-20 17:32:39 INF] GET /api/profile -> 200 em 3ms
[2026-04-20 17:32:39 INF] GET /api/profile -> 200 em 2ms
[2026-04-20 17:32:44 INF] OPTIONS /api/specialhours -> 204 em 0ms
[2026-04-20 17:32:44 INF] OPTIONS /api/specialhours -> 204 em 0ms
[2026-04-20 17:32:44 INF] GET /api/specialhours -> 200 em 3ms
[2026-04-20 17:32:44 INF] GET /api/specialhours -> 200 em 3ms
