[2026-04-21 12:22:32 WRN] The 'AppointmentStatus' property 'Status' on entity type 'Appointment' is configured with a database-generated default, but has no configured sentinel value. The database-generated default will always be used for inserts when the property has the value '0', since this is the CLR default for the 'AppointmentStatus' type. Consider using a nullable type, using a nullable backing field, or setting the sentinel value for the property to ensure the database default is used when, and only when, appropriate. See https://aka.ms/efcore-docs-default-values for more information.
[2026-04-21 12:22:32 INF] API iniciada com sucesso.
[2026-04-21 12:22:47 INF] OPTIONS /api/profile -> 204 em 30ms
[2026-04-21 12:22:47 INF] OPTIONS /api/profile -> 204 em 29ms
[2026-04-21 12:22:47 INF] OPTIONS /api/profile -> 204 em 30ms
[2026-04-21 12:22:47 INF] GET /api/profile -> 401 em 49ms
[2026-04-21 12:22:47 INF] GET /api/profile -> 401 em 8ms
[2026-04-21 12:22:47 INF] GET /api/profile -> 401 em 2ms
[2026-04-21 12:23:06 INF] OPTIONS /api/auth/login -> 204 em 2ms
[2026-04-21 12:23:07 INF] Login bem-sucedido. UserId: "fba37a9f-b4fa-4aa1-af9d-941b5935a9b3"
[2026-04-21 12:23:07 INF] POST /api/auth/login -> 200 em 936ms
[2026-04-21 12:23:07 INF] OPTIONS /api/profile -> 204 em 0ms
[2026-04-21 12:23:07 INF] OPTIONS /api/profile -> 204 em 0ms
[2026-04-21 12:23:07 INF] GET /api/profile -> 200 em 194ms
[2026-04-21 12:23:07 INF] OPTIONS /api/appointments -> 204 em 0ms
[2026-04-21 12:23:07 INF] GET /api/profile -> 200 em 8ms
[2026-04-21 12:23:07 INF] GET /api/appointments -> 200 em 118ms
[2026-04-21 12:23:07 INF] GET /api/appointments -> 200 em 7ms
[2026-04-21 12:23:14 INF] OPTIONS /api/profile -> 204 em 0ms
[2026-04-21 12:23:14 INF] GET /api/profile -> 200 em 8ms
[2026-04-21 12:23:14 INF] OPTIONS /api/appointments -> 204 em 0ms
[2026-04-21 12:23:14 INF] GET /api/appointments -> 200 em 6ms
[2026-04-21 12:23:15 INF] OPTIONS /api/reports/summary -> 204 em 0ms
[2026-04-21 12:23:15 INF] OPTIONS /api/reports/summary -> 204 em 0ms
[2026-04-21 12:23:15 INF] GET /api/reports/summary -> 200 em 98ms
[2026-04-21 12:23:15 INF] GET /api/reports/summary -> 200 em 7ms
[2026-04-21 12:23:19 INF] GET /api/appointments -> 200 em 5ms
[2026-04-21 12:23:19 INF] GET /api/appointments -> 200 em 5ms
[2026-04-21 12:23:20 INF] OPTIONS /api/appointments -> 204 em 0ms
[2026-04-21 12:23:20 INF] GET /api/appointments -> 200 em 83ms
[2026-04-21 12:23:23 INF] OPTIONS /api/profile -> 204 em 0ms
[2026-04-21 12:23:23 INF] OPTIONS /api/profile -> 204 em 0ms
[2026-04-21 12:23:24 INF] GET /api/profile -> 200 em 3ms
[2026-04-21 12:23:24 INF] GET /api/profile -> 200 em 3ms
[2026-04-21 12:23:24 INF] OPTIONS /api/appointments -> 204 em 0ms
[2026-04-21 12:23:24 INF] OPTIONS /api/appointments -> 204 em 0ms
[2026-04-21 12:23:24 INF] GET /api/appointments -> 200 em 6ms
[2026-04-21 12:23:24 INF] GET /api/appointments -> 200 em 5ms
[2026-04-21 12:23:24 INF] OPTIONS /api/reports/summary -> 204 em 0ms
[2026-04-21 12:23:24 INF] OPTIONS /api/reports/summary -> 204 em 0ms
[2026-04-21 12:23:24 INF] GET /api/reports/summary -> 200 em 8ms
[2026-04-21 12:23:24 INF] GET /api/reports/summary -> 200 em 4ms
[2026-04-21 12:23:47 INF] OPTIONS /api/profile -> 204 em 0ms
[2026-04-21 12:23:47 INF] OPTIONS /api/profile -> 204 em 0ms
[2026-04-21 12:23:47 INF] GET /api/profile -> 200 em 5ms
[2026-04-21 12:23:47 INF] GET /api/profile -> 200 em 3ms
[2026-04-21 12:23:47 INF] OPTIONS /api/appointments -> 204 em 0ms
[2026-04-21 12:23:47 INF] GET /api/appointments -> 200 em 3ms
[2026-04-21 12:23:47 INF] GET /api/appointments -> 200 em 4ms
[2026-04-21 12:23:49 INF] OPTIONS /api/public/mtbarbearia -> 204 em 0ms
[2026-04-21 12:23:49 INF] OPTIONS /api/public/mtbarbearia/services -> 204 em 0ms
[2026-04-21 12:23:49 INF] GET /api/public/mtbarbearia/services -> 200 em 38ms
[2026-04-21 12:23:49 INF] GET /api/public/mtbarbearia/services -> 200 em 4ms
[2026-04-21 12:23:49 INF] GET /api/public/mtbarbearia/services -> 200 em 4ms
[2026-04-21 12:23:49 INF] GET /api/public/mtbarbearia -> 200 em 57ms
[2026-04-21 12:23:49 INF] GET /api/public/mtbarbearia -> 200 em 2ms
[2026-04-21 12:23:49 INF] GET /api/public/mtbarbearia -> 200 em 2ms
[2026-04-21 12:23:54 INF] OPTIONS /api/public/mtbarbearia/availability -> 204 em 0ms
[2026-04-21 12:23:54 INF] GET /api/public/mtbarbearia/availability -> 200 em 38ms
[2026-04-21 12:24:02 INF] OPTIONS /api/profile -> 204 em 0ms
[2026-04-21 12:24:02 INF] GET /api/profile -> 200 em 4ms
[2026-04-21 12:24:02 INF] OPTIONS /api/appointments -> 204 em 0ms
[2026-04-21 12:24:02 INF] GET /api/appointments -> 200 em 5ms
[2026-04-21 12:24:04 INF] OPTIONS /api/reports/summary -> 204 em 0ms
[2026-04-21 12:24:04 INF] OPTIONS /api/reports/summary -> 204 em 0ms
[2026-04-21 12:24:04 INF] GET /api/reports/summary -> 200 em 6ms
[2026-04-21 12:24:04 INF] GET /api/reports/summary -> 200 em 5ms
[2026-04-21 12:25:15 INF] OPTIONS /api/services -> 204 em 0ms
[2026-04-21 12:25:15 INF] OPTIONS /api/services -> 204 em 0ms
[2026-04-21 12:25:15 INF] GET /api/services -> 200 em 24ms
[2026-04-21 12:25:15 INF] GET /api/services -> 200 em 4ms
[2026-04-21 12:25:17 INF] OPTIONS /api/workinghours -> 204 em 0ms
[2026-04-21 12:25:17 INF] OPTIONS /api/workinghours -> 204 em 0ms
[2026-04-21 12:25:17 INF] GET /api/workinghours -> 200 em 55ms
[2026-04-21 12:25:17 INF] GET /api/workinghours -> 200 em 3ms
[2026-04-21 12:25:19 INF] OPTIONS /api/blocks -> 204 em 0ms
[2026-04-21 12:25:19 INF] OPTIONS /api/blocks -> 204 em 0ms
[2026-04-21 12:25:19 INF] GET /api/blocks -> 200 em 35ms
[2026-04-21 12:25:19 INF] GET /api/blocks -> 200 em 4ms
[2026-04-21 12:25:21 INF] OPTIONS /api/profile -> 204 em 0ms
[2026-04-21 12:25:21 INF] OPTIONS /api/profile -> 204 em 0ms
[2026-04-21 12:25:21 INF] GET /api/profile -> 200 em 3ms
[2026-04-21 12:25:21 INF] GET /api/profile -> 200 em 2ms
[2026-04-21 12:25:21 INF] OPTIONS /api/appointments -> 204 em 0ms
[2026-04-21 12:25:21 INF] GET /api/appointments -> 200 em 4ms
[2026-04-21 12:25:21 INF] GET /api/appointments -> 200 em 3ms
[2026-04-21 12:26:42 INF] OPTIONS /api/profile -> 204 em 0ms
[2026-04-21 12:26:42 INF] GET /api/profile -> 200 em 3ms
[2026-04-21 12:26:42 INF] OPTIONS /api/appointments -> 204 em 0ms
[2026-04-21 12:26:42 INF] GET /api/appointments -> 200 em 3ms
[2026-04-21 12:26:58 INF] OPTIONS /api/profile -> 204 em 0ms
[2026-04-21 12:26:58 INF] GET /api/profile -> 200 em 2ms
[2026-04-21 12:26:58 INF] OPTIONS /api/appointments -> 204 em 0ms
[2026-04-21 12:26:58 INF] GET /api/appointments -> 200 em 4ms
[2026-04-21 12:27:05 INF] OPTIONS /api/profile -> 204 em 0ms
[2026-04-21 12:27:05 INF] GET /api/profile -> 200 em 2ms
[2026-04-21 12:27:05 INF] OPTIONS /api/appointments -> 204 em 0ms
[2026-04-21 12:27:05 INF] GET /api/appointments -> 200 em 3ms
[2026-04-21 12:27:06 INF] OPTIONS /api/reports/summary -> 204 em 0ms
[2026-04-21 12:27:06 INF] OPTIONS /api/reports/summary -> 204 em 0ms
[2026-04-21 12:27:06 INF] GET /api/reports/summary -> 200 em 6ms
[2026-04-21 12:27:06 INF] GET /api/reports/summary -> 200 em 6ms
[2026-04-21 12:27:17 INF] OPTIONS /api/profile -> 204 em 0ms
[2026-04-21 12:27:17 INF] OPTIONS /api/profile -> 204 em 0ms
[2026-04-21 12:27:17 INF] GET /api/profile -> 200 em 4ms
[2026-04-21 12:27:17 INF] GET /api/profile -> 200 em 3ms
[2026-04-21 12:27:19 INF] GET /api/profile -> 200 em 2ms
[2026-04-21 12:27:19 INF] GET /api/profile -> 200 em 2ms
[2026-04-21 12:27:19 INF] OPTIONS /api/appointments -> 204 em 0ms
[2026-04-21 12:27:19 INF] GET /api/appointments -> 200 em 4ms
[2026-04-21 12:27:19 INF] GET /api/appointments -> 200 em 3ms
[2026-04-21 12:27:33 INF] OPTIONS /api/reports/summary -> 204 em 0ms
[2026-04-21 12:27:33 INF] OPTIONS /api/reports/summary -> 204 em 0ms
[2026-04-21 12:27:33 INF] GET /api/reports/summary -> 200 em 113ms
[2026-04-21 12:27:33 INF] GET /api/reports/summary -> 200 em 4ms
[2026-04-21 12:28:25 INF] OPTIONS /api/reports/summary -> 204 em 0ms
[2026-04-21 12:28:25 INF] GET /api/reports/summary -> 200 em 10ms
[2026-04-21 12:28:25 INF] GET /api/reports/summary -> 200 em 16ms
[2026-04-21 12:28:25 INF] GET /api/reports/summary -> 200 em 8ms
[2026-04-21 12:28:39 INF] OPTIONS /api/profile -> 204 em 0ms
[2026-04-21 12:28:39 INF] OPTIONS /api/profile -> 204 em 0ms
[2026-04-21 12:28:39 INF] GET /api/profile -> 200 em 2ms
[2026-04-21 12:28:39 INF] GET /api/profile -> 200 em 2ms
[2026-04-21 12:28:39 INF] OPTIONS /api/appointments -> 204 em 0ms
[2026-04-21 12:28:39 INF] GET /api/appointments -> 200 em 3ms
[2026-04-21 12:28:39 INF] GET /api/appointments -> 200 em 3ms
[2026-04-21 12:28:45 INF] OPTIONS /api/profile -> 204 em 0ms
[2026-04-21 12:28:45 INF] GET /api/profile -> 200 em 3ms
[2026-04-21 12:28:45 INF] OPTIONS /api/appointments -> 204 em 0ms
[2026-04-21 12:28:45 INF] GET /api/appointments -> 200 em 2ms
[2026-04-21 12:28:45 INF] GET /api/appointments -> 200 em 4ms
[2026-04-21 12:28:45 INF] GET /api/appointments -> 200 em 4ms
[2026-04-21 12:28:46 INF] OPTIONS /api/reports/summary -> 204 em 0ms
[2026-04-21 12:28:46 INF] OPTIONS /api/reports/summary -> 204 em 0ms
[2026-04-21 12:28:46 INF] GET /api/reports/summary -> 200 em 4ms
[2026-04-21 12:28:46 INF] GET /api/reports/summary -> 200 em 5ms
[2026-04-21 12:28:47 INF] OPTIONS /api/services -> 204 em 0ms
[2026-04-21 12:28:47 INF] OPTIONS /api/services -> 204 em 0ms
[2026-04-21 12:28:47 INF] GET /api/services -> 200 em 6ms
[2026-04-21 12:28:47 INF] GET /api/services -> 200 em 3ms
[2026-04-21 12:28:50 INF] OPTIONS /api/workinghours -> 204 em 0ms
[2026-04-21 12:28:50 INF] OPTIONS /api/workinghours -> 204 em 0ms
[2026-04-21 12:28:50 INF] GET /api/workinghours -> 200 em 6ms
[2026-04-21 12:28:50 INF] GET /api/workinghours -> 200 em 5ms
[2026-04-21 12:28:51 INF] OPTIONS /api/blocks -> 204 em 0ms
[2026-04-21 12:28:51 INF] OPTIONS /api/blocks -> 204 em 0ms
[2026-04-21 12:28:51 INF] GET /api/blocks -> 200 em 5ms
[2026-04-21 12:28:51 INF] GET /api/blocks -> 200 em 3ms
[2026-04-21 12:28:52 INF] OPTIONS /api/specialhours -> 204 em 0ms
[2026-04-21 12:28:52 INF] OPTIONS /api/specialhours -> 204 em 0ms
[2026-04-21 12:28:52 INF] GET /api/specialhours -> 200 em 42ms
[2026-04-21 12:28:52 INF] GET /api/specialhours -> 200 em 3ms
[2026-04-21 12:28:53 INF] OPTIONS /api/profile -> 204 em 0ms
[2026-04-21 12:28:53 INF] OPTIONS /api/profile -> 204 em 0ms
[2026-04-21 12:28:53 INF] GET /api/profile -> 200 em 2ms
[2026-04-21 12:28:53 INF] GET /api/profile -> 200 em 2ms
[2026-04-21 12:28:54 INF] GET /api/profile -> 200 em 3ms
[2026-04-21 12:28:54 INF] GET /api/profile -> 200 em 2ms
[2026-04-21 12:28:54 INF] OPTIONS /api/appointments -> 204 em 0ms
[2026-04-21 12:28:54 INF] GET /api/appointments -> 200 em 3ms
[2026-04-21 12:28:54 INF] GET /api/appointments -> 200 em 4ms
[2026-04-21 12:30:18 INF] OPTIONS /api/profile -> 204 em 0ms
[2026-04-21 12:30:18 INF] GET /api/profile -> 200 em 2ms
[2026-04-21 12:30:18 INF] OPTIONS /api/appointments -> 204 em 0ms
[2026-04-21 12:30:18 INF] GET /api/appointments -> 200 em 4ms
[2026-04-21 12:31:07 INF] OPTIONS /api/profile -> 204 em 0ms
[2026-04-21 12:31:07 INF] GET /api/profile -> 200 em 2ms
[2026-04-21 12:31:07 INF] OPTIONS /api/appointments -> 204 em 0ms
[2026-04-21 12:31:07 INF] GET /api/appointments -> 200 em 4ms
[2026-04-21 12:31:08 INF] GET /api/profile -> 200 em 4ms
[2026-04-21 12:31:08 INF] GET /api/profile -> 200 em 3ms
[2026-04-21 12:31:08 INF] GET /api/profile -> 200 em 5ms
[2026-04-21 12:31:08 INF] GET /api/appointments -> 200 em 5ms
[2026-04-21 12:31:08 INF] GET /api/appointments -> 200 em 5ms
[2026-04-21 12:31:08 INF] GET /api/appointments -> 200 em 5ms
[2026-04-21 12:31:09 INF] GET /api/profile -> 200 em 2ms
[2026-04-21 12:31:09 INF] GET /api/profile -> 200 em 2ms
[2026-04-21 12:31:11 INF] OPTIONS /api/services -> 204 em 0ms
[2026-04-21 12:31:11 INF] OPTIONS /api/services -> 204 em 0ms
[2026-04-21 12:31:11 INF] GET /api/services -> 200 em 6ms
[2026-04-21 12:31:11 INF] GET /api/services -> 200 em 6ms
[2026-04-21 12:31:12 INF] OPTIONS /api/reports/summary -> 204 em 0ms
[2026-04-21 12:31:12 INF] OPTIONS /api/reports/summary -> 204 em 0ms
[2026-04-21 12:31:12 INF] GET /api/reports/summary -> 200 em 6ms
[2026-04-21 12:31:12 INF] GET /api/reports/summary -> 200 em 6ms
